[MANIP-EQUIP] ═══════════════════════════════════════════════════════════
UnityEngine.Debug:LogError (object)
DungeonRunners.Data.GCObjectFactory:PopulateManipulatorsWithEquipment (DungeonRunners.Data.GCObject) (at Assets/DungeonRunners/Data/GCObjectFactory.cs:167)
DungeonRunners.Data.GCObjectFactory:LoadAvatar () (at Assets/DungeonRunners/Data/GCObjectFactory.cs:150)
DungeonRunners.Networking.UnityGameServer:SendCharacterList (DungeonRunners.Networking.RRConnection) (at Assets/DungeonRunners/Networking/UnityGameServer.cs:673)
DungeonRunners.Networking.UnityGameServer:HandleCharacterChannel (DungeonRunners.Networking.RRConnection,byte,byte[]) (at Assets/DungeonRunners/Networking/UnityGameServer.cs:461)
DungeonRunners.Networking.UnityGameServer:HandleChannelMessage (DungeonRunners.Networking.RRConnection,byte,byte,byte[]) (at Assets/DungeonRunners/Networking/UnityGameServer.cs:317)
DungeonRunners.Networking.UnityGameServer:HandleCompressedE (DungeonRunners.Networking.RRConnection,byte[]) (at Assets/DungeonRunners/Networking/UnityGameServer.cs:269)
DungeonRunners.Networking.UnityGameServer:ProcessMessage (DungeonRunners.Networking.RRConnection,byte[]) (at Assets/DungeonRunners/Networking/UnityGameServer.cs:173)
DungeonRunners.Networking.UnityGameServer/<HandleClientCoroutine>d__19:MoveNext () (at Assets/DungeonRunners/Networking/UnityGameServer.cs:136)
UnityEngine.SetupCoroutine:InvokeMoveNext (System.Collections.IEnumerator,intptr)

[MANIP-EQUIP] PopulateManipulatorsWithEquipment - Selecting RANDOM items
UnityEngine.Debug:LogError (object)
DungeonRunners.Data.GCObjectFactory:PopulateManipulatorsWithEquipment (DungeonRunners.Data.GCObject) (at Assets/DungeonRunners/Data/GCObjectFactory.cs:168)
DungeonRunners.Data.GCObjectFactory:LoadAvatar () (at Assets/DungeonRunners/Data/GCObjectFactory.cs:150)
DungeonRunners.Networking.UnityGameServer:SendCharacterList (DungeonRunners.Networking.RRConnection) (at Assets/DungeonRunners/Networking/UnityGameServer.cs:673)
DungeonRunners.Networking.UnityGameServer:HandleCharacterChannel (DungeonRunners.Networking.RRConnection,byte,byte[]) (at Assets/DungeonRunners/Networking/UnityGameServer.cs:461)
DungeonRunners.Networking.UnityGameServer:HandleChannelMessage (DungeonRunners.Networking.RRConnection,byte,byte,byte[]) (at Assets/DungeonRunners/Networking/UnityGameServer.cs:317)
DungeonRunners.Networking.UnityGameServer:HandleCompressedE (DungeonRunners.Networking.RRConnection,byte[]) (at Assets/DungeonRunners/Networking/UnityGameServer.cs:269)
DungeonRunners.Networking.UnityGameServer:ProcessMessage (DungeonRunners.Networking.RRConnection,byte[]) (at Assets/DungeonRunners/Networking/UnityGameServer.cs:173)
DungeonRunners.Networking.UnityGameServer/<HandleClientCoroutine>d__19:MoveNext () (at Assets/DungeonRunners/Networking/UnityGameServer.cs:136)
UnityEngine.SetupCoroutine:InvokeMoveNext (System.Collections.IEnumerator,intptr)

[MANIP-EQUIP] ❌ No helmet selected
UnityEngine.Debug:LogError (object)
DungeonRunners.Data.GCObjectFactory:PopulateManipulatorsWithEquipment (DungeonRunners.Data.GCObject) (at Assets/DungeonRunners/Data/GCObjectFactory.cs:181)
DungeonRunners.Data.GCObjectFactory:LoadAvatar () (at Assets/DungeonRunners/Data/GCObjectFactory.cs:150)
DungeonRunners.Networking.UnityGameServer:SendCharacterList (DungeonRunners.Networking.RRConnection) (at Assets/DungeonRunners/Networking/UnityGameServer.cs:673)
DungeonRunners.Networking.UnityGameServer:HandleCharacterChannel (DungeonRunners.Networking.RRConnection,byte,byte[]) (at Assets/DungeonRunners/Networking/UnityGameServer.cs:461)
DungeonRunners.Networking.UnityGameServer:HandleChannelMessage (DungeonRunners.Networking.RRConnection,byte,byte,byte[]) (at Assets/DungeonRunners/Networking/UnityGameServer.cs:317)
DungeonRunners.Networking.UnityGameServer:HandleCompressedE (DungeonRunners.Networking.RRConnection,byte[]) (at Assets/DungeonRunners/Networking/UnityGameServer.cs:269)
DungeonRunners.Networking.UnityGameServer:ProcessMessage (DungeonRunners.Networking.RRConnection,byte[]) (at Assets/DungeonRunners/Networking/UnityGameServer.cs:173)
DungeonRunners.Networking.UnityGameServer/<HandleClientCoroutine>d__19:MoveNext () (at Assets/DungeonRunners/Networking/UnityGameServer.cs:136)
UnityEngine.SetupCoroutine:InvokeMoveNext (System.Collections.IEnumerator,intptr)

[MANIP-EQUIP] ❌ No armor selected
UnityEngine.Debug:LogError (object)
DungeonRunners.Data.GCObjectFactory:PopulateManipulatorsWithEquipment (DungeonRunners.Data.GCObject) (at Assets/DungeonRunners/Data/GCObjectFactory.cs:194)
DungeonRunners.Data.GCObjectFactory:LoadAvatar () (at Assets/DungeonRunners/Data/GCObjectFactory.cs:150)
DungeonRunners.Networking.UnityGameServer:SendCharacterList (DungeonRunners.Networking.RRConnection) (at Assets/DungeonRunners/Networking/UnityGameServer.cs:673)
DungeonRunners.Networking.UnityGameServer:HandleCharacterChannel (DungeonRunners.Networking.RRConnection,byte,byte[]) (at Assets/DungeonRunners/Networking/UnityGameServer.cs:461)
DungeonRunners.Networking.UnityGameServer:HandleChannelMessage (DungeonRunners.Networking.RRConnection,byte,byte,byte[]) (at Assets/DungeonRunners/Networking/UnityGameServer.cs:317)
DungeonRunners.Networking.UnityGameServer:HandleCompressedE (DungeonRunners.Networking.RRConnection,byte[]) (at Assets/DungeonRunners/Networking/UnityGameServer.cs:269)
DungeonRunners.Networking.UnityGameServer:ProcessMessage (DungeonRunners.Networking.RRConnection,byte[]) (at Assets/DungeonRunners/Networking/UnityGameServer.cs:173)
DungeonRunners.Networking.UnityGameServer/<HandleClientCoroutine>d__19:MoveNext () (at Assets/DungeonRunners/Networking/UnityGameServer.cs:136)
UnityEngine.SetupCoroutine:InvokeMoveNext (System.Collections.IEnumerator,intptr)

[MANIP-EQUIP] ❌ No gloves selected
UnityEngine.Debug:LogError (object)
DungeonRunners.Data.GCObjectFactory:PopulateManipulatorsWithEquipment (DungeonRunners.Data.GCObject) (at Assets/DungeonRunners/Data/GCObjectFactory.cs:207)
DungeonRunners.Data.GCObjectFactory:LoadAvatar () (at Assets/DungeonRunners/Data/GCObjectFactory.cs:150)
DungeonRunners.Networking.UnityGameServer:SendCharacterList (DungeonRunners.Networking.RRConnection) (at Assets/DungeonRunners/Networking/UnityGameServer.cs:673)
DungeonRunners.Networking.UnityGameServer:HandleCharacterChannel (DungeonRunners.Networking.RRConnection,byte,byte[]) (at Assets/DungeonRunners/Networking/UnityGameServer.cs:461)
DungeonRunners.Networking.UnityGameServer:HandleChannelMessage (DungeonRunners.Networking.RRConnection,byte,byte,byte[]) (at Assets/DungeonRunners/Networking/UnityGameServer.cs:317)
DungeonRunners.Networking.UnityGameServer:HandleCompressedE (DungeonRunners.Networking.RRConnection,byte[]) (at Assets/DungeonRunners/Networking/UnityGameServer.cs:269)
DungeonRunners.Networking.UnityGameServer:ProcessMessage (DungeonRunners.Networking.RRConnection,byte[]) (at Assets/DungeonRunners/Networking/UnityGameServer.cs:173)
DungeonRunners.Networking.UnityGameServer/<HandleClientCoroutine>d__19:MoveNext () (at Assets/DungeonRunners/Networking/UnityGameServer.cs:136)
UnityEngine.SetupCoroutine:InvokeMoveNext (System.Collections.IEnumerator,intptr)

[MANIP-EQUIP] ❌ No boots selected
UnityEngine.Debug:LogError (object)
DungeonRunners.Data.GCObjectFactory:PopulateManipulatorsWithEquipment (DungeonRunners.Data.GCObject) (at Assets/DungeonRunners/Data/GCObjectFactory.cs:220)
DungeonRunners.Data.GCObjectFactory:LoadAvatar () (at Assets/DungeonRunners/Data/GCObjectFactory.cs:150)
DungeonRunners.Networking.UnityGameServer:SendCharacterList (DungeonRunners.Networking.RRConnection) (at Assets/DungeonRunners/Networking/UnityGameServer.cs:673)
DungeonRunners.Networking.UnityGameServer:HandleCharacterChannel (DungeonRunners.Networking.RRConnection,byte,byte[]) (at Assets/DungeonRunners/Networking/UnityGameServer.cs:461)
DungeonRunners.Networking.UnityGameServer:HandleChannelMessage (DungeonRunners.Networking.RRConnection,byte,byte,byte[]) (at Assets/DungeonRunners/Networking/UnityGameServer.cs:317)
DungeonRunners.Networking.UnityGameServer:HandleCompressedE (DungeonRunners.Networking.RRConnection,byte[]) (at Assets/DungeonRunners/Networking/UnityGameServer.cs:269)
DungeonRunners.Networking.UnityGameServer:ProcessMessage (DungeonRunners.Networking.RRConnection,byte[]) (at Assets/DungeonRunners/Networking/UnityGameServer.cs:173)
DungeonRunners.Networking.UnityGameServer/<HandleClientCoroutine>d__19:MoveNext () (at Assets/DungeonRunners/Networking/UnityGameServer.cs:136)
UnityEngine.SetupCoroutine:InvokeMoveNext (System.Collections.IEnumerator,intptr)

[MANIP-EQUIP] ❌ No weapon selected (this is OK - not all builds have weapons)
UnityEngine.Debug:LogError (object)
DungeonRunners.Data.GCObjectFactory:PopulateManipulatorsWithEquipment (DungeonRunners.Data.GCObject) (at Assets/DungeonRunners/Data/GCObjectFactory.cs:234)
DungeonRunners.Data.GCObjectFactory:LoadAvatar () (at Assets/DungeonRunners/Data/GCObjectFactory.cs:150)
DungeonRunners.Networking.UnityGameServer:SendCharacterList (DungeonRunners.Networking.RRConnection) (at Assets/DungeonRunners/Networking/UnityGameServer.cs:673)
DungeonRunners.Networking.UnityGameServer:HandleCharacterChannel (DungeonRunners.Networking.RRConnection,byte,byte[]) (at Assets/DungeonRunners/Networking/UnityGameServer.cs:461)
DungeonRunners.Networking.UnityGameServer:HandleChannelMessage (DungeonRunners.Networking.RRConnection,byte,byte,byte[]) (at Assets/DungeonRunners/Networking/UnityGameServer.cs:317)
DungeonRunners.Networking.UnityGameServer:HandleCompressedE (DungeonRunners.Networking.RRConnection,byte[]) (at Assets/DungeonRunners/Networking/UnityGameServer.cs:269)
DungeonRunners.Networking.UnityGameServer:ProcessMessage (DungeonRunners.Networking.RRConnection,byte[]) (at Assets/DungeonRunners/Networking/UnityGameServer.cs:173)
DungeonRunners.Networking.UnityGameServer/<HandleClientCoroutine>d__19:MoveNext () (at Assets/DungeonRunners/Networking/UnityGameServer.cs:136)
UnityEngine.SetupCoroutine:InvokeMoveNext (System.Collections.IEnumerator,intptr)

[MANIP-EQUIP] ═══════════════════════════════════════════════════════════
UnityEngine.Debug:LogError (object)
DungeonRunners.Data.GCObjectFactory:PopulateManipulatorsWithEquipment (DungeonRunners.Data.GCObject) (at Assets/DungeonRunners/Data/GCObjectFactory.cs:237)
DungeonRunners.Data.GCObjectFactory:LoadAvatar () (at Assets/DungeonRunners/Data/GCObjectFactory.cs:150)
DungeonRunners.Networking.UnityGameServer:SendCharacterList (DungeonRunners.Networking.RRConnection) (at Assets/DungeonRunners/Networking/UnityGameServer.cs:673)
DungeonRunners.Networking.UnityGameServer:HandleCharacterChannel (DungeonRunners.Networking.RRConnection,byte,byte[]) (at Assets/DungeonRunners/Networking/UnityGameServer.cs:461)
DungeonRunners.Networking.UnityGameServer:HandleChannelMessage (DungeonRunners.Networking.RRConnection,byte,byte,byte[]) (at Assets/DungeonRunners/Networking/UnityGameServer.cs:317)
DungeonRunners.Networking.UnityGameServer:HandleCompressedE (DungeonRunners.Networking.RRConnection,byte[]) (at Assets/DungeonRunners/Networking/UnityGameServer.cs:269)
DungeonRunners.Networking.UnityGameServer:ProcessMessage (DungeonRunners.Networking.RRConnection,byte[]) (at Assets/DungeonRunners/Networking/UnityGameServer.cs:173)
DungeonRunners.Networking.UnityGameServer/<HandleClientCoroutine>d__19:MoveNext () (at Assets/DungeonRunners/Networking/UnityGameServer.cs:136)
UnityEngine.SetupCoroutine:InvokeMoveNext (System.Collections.IEnumerator,intptr)

[MANIP-EQUIP] ✅ Equipment selection complete: 0/5 items added
UnityEngine.Debug:LogError (object)
DungeonRunners.Data.GCObjectFactory:PopulateManipulatorsWithEquipment (DungeonRunners.Data.GCObject) (at Assets/DungeonRunners/Data/GCObjectFactory.cs:238)
DungeonRunners.Data.GCObjectFactory:LoadAvatar () (at Assets/DungeonRunners/Data/GCObjectFactory.cs:150)
DungeonRunners.Networking.UnityGameServer:SendCharacterList (DungeonRunners.Networking.RRConnection) (at Assets/DungeonRunners/Networking/UnityGameServer.cs:673)
DungeonRunners.Networking.UnityGameServer:HandleCharacterChannel (DungeonRunners.Networking.RRConnection,byte,byte[]) (at Assets/DungeonRunners/Networking/UnityGameServer.cs:461)
DungeonRunners.Networking.UnityGameServer:HandleChannelMessage (DungeonRunners.Networking.RRConnection,byte,byte,byte[]) (at Assets/DungeonRunners/Networking/UnityGameServer.cs:317)
DungeonRunners.Networking.UnityGameServer:HandleCompressedE (DungeonRunners.Networking.RRConnection,byte[]) (at Assets/DungeonRunners/Networking/UnityGameServer.cs:269)
DungeonRunners.Networking.UnityGameServer:ProcessMessage (DungeonRunners.Networking.RRConnection,byte[]) (at Assets/DungeonRunners/Networking/UnityGameServer.cs:173)
DungeonRunners.Networking.UnityGameServer/<HandleClientCoroutine>d__19:MoveNext () (at Assets/DungeonRunners/Networking/UnityGameServer.cs:136)
UnityEngine.SetupCoroutine:InvokeMoveNext (System.Collections.IEnumerator,intptr)

[MANIP-EQUIP] ═══════════════════════════════════════════════════════════
UnityEngine.Debug:LogError (object)
DungeonRunners.Data.GCObjectFactory:PopulateManipulatorsWithEquipment (DungeonRunners.Data.GCObject) (at Assets/DungeonRunners/Data/GCObjectFactory.cs:239)
DungeonRunners.Data.GCObjectFactory:LoadAvatar () (at Assets/DungeonRunners/Data/GCObjectFactory.cs:150)
DungeonRunners.Networking.UnityGameServer:SendCharacterList (DungeonRunners.Networking.RRConnection) (at Assets/DungeonRunners/Networking/UnityGameServer.cs:673)
DungeonRunners.Networking.UnityGameServer:HandleCharacterChannel (DungeonRunners.Networking.RRConnection,byte,byte[]) (at Assets/DungeonRunners/Networking/UnityGameServer.cs:461)
DungeonRunners.Networking.UnityGameServer:HandleChannelMessage (DungeonRunners.Networking.RRConnection,byte,byte,byte[]) (at Assets/DungeonRunners/Networking/UnityGameServer.cs:317)
DungeonRunners.Networking.UnityGameServer:HandleCompressedE (DungeonRunners.Networking.RRConnection,byte[]) (at Assets/DungeonRunners/Networking/UnityGameServer.cs:269)
DungeonRunners.Networking.UnityGameServer:ProcessMessage (DungeonRunners.Networking.RRConnection,byte[]) (at Assets/DungeonRunners/Networking/UnityGameServer.cs:173)
DungeonRunners.Networking.UnityGameServer/<HandleClientCoroutine>d__19:MoveNext () (at Assets/DungeonRunners/Networking/UnityGameServer.cs:136)
UnityEngine.SetupCoroutine:InvokeMoveNext (System.Collections.IEnumerator,intptr)

[MANIP-EQUIP] ═══════════════════════════════════════════════════════════
UnityEngine.Debug:LogError (object)
DungeonRunners.Data.GCObjectFactory:PopulateManipulatorsWithEquipment (DungeonRunners.Data.GCObject) (at Assets/DungeonRunners/Data/GCObjectFactory.cs:167)
DungeonRunners.Data.GCObjectFactory:LoadAvatar () (at Assets/DungeonRunners/Data/GCObjectFactory.cs:150)
DungeonRunners.Networking.UnityGameServer:SendCharacterList (DungeonRunners.Networking.RRConnection) (at Assets/DungeonRunners/Networking/UnityGameServer.cs:673)
DungeonRunners.Networking.UnityGameServer:HandleCharacterChannel (DungeonRunners.Networking.RRConnection,byte,byte[]) (at Assets/DungeonRunners/Networking/UnityGameServer.cs:461)
DungeonRunners.Networking.UnityGameServer:HandleChannelMessage (DungeonRunners.Networking.RRConnection,byte,byte,byte[]) (at Assets/DungeonRunners/Networking/UnityGameServer.cs:317)
DungeonRunners.Networking.UnityGameServer:HandleCompressedE (DungeonRunners.Networking.RRConnection,byte[]) (at Assets/DungeonRunners/Networking/UnityGameServer.cs:269)
DungeonRunners.Networking.UnityGameServer:ProcessMessage (DungeonRunners.Networking.RRConnection,byte[]) (at Assets/DungeonRunners/Networking/UnityGameServer.cs:173)
DungeonRunners.Networking.UnityGameServer/<HandleClientCoroutine>d__19:MoveNext () (at Assets/DungeonRunners/Networking/UnityGameServer.cs:136)
UnityEngine.SetupCoroutine:InvokeMoveNext (System.Collections.IEnumerator,intptr)

[MANIP-EQUIP] PopulateManipulatorsWithEquipment - Selecting RANDOM items
UnityEngine.Debug:LogError (object)
DungeonRunners.Data.GCObjectFactory:PopulateManipulatorsWithEquipment (DungeonRunners.Data.GCObject) (at Assets/DungeonRunners/Data/GCObjectFactory.cs:168)
DungeonRunners.Data.GCObjectFactory:LoadAvatar () (at Assets/DungeonRunners/Data/GCObjectFactory.cs:150)
DungeonRunners.Networking.UnityGameServer:SendCharacterList (DungeonRunners.Networking.RRConnection) (at Assets/DungeonRunners/Networking/UnityGameServer.cs:673)
DungeonRunners.Networking.UnityGameServer:HandleCharacterChannel (DungeonRunners.Networking.RRConnection,byte,byte[]) (at Assets/DungeonRunners/Networking/UnityGameServer.cs:461)
DungeonRunners.Networking.UnityGameServer:HandleChannelMessage (DungeonRunners.Networking.RRConnection,byte,byte,byte[]) (at Assets/DungeonRunners/Networking/UnityGameServer.cs:317)
DungeonRunners.Networking.UnityGameServer:HandleCompressedE (DungeonRunners.Networking.RRConnection,byte[]) (at Assets/DungeonRunners/Networking/UnityGameServer.cs:269)
DungeonRunners.Networking.UnityGameServer:ProcessMessage (DungeonRunners.Networking.RRConnection,byte[]) (at Assets/DungeonRunners/Networking/UnityGameServer.cs:173)
DungeonRunners.Networking.UnityGameServer/<HandleClientCoroutine>d__19:MoveNext () (at Assets/DungeonRunners/Networking/UnityGameServer.cs:136)
UnityEngine.SetupCoroutine:InvokeMoveNext (System.Collections.IEnumerator,intptr)

[MANIP-EQUIP] ❌ No helmet selected
UnityEngine.Debug:LogError (object)
DungeonRunners.Data.GCObjectFactory:PopulateManipulatorsWithEquipment (DungeonRunners.Data.GCObject) (at Assets/DungeonRunners/Data/GCObjectFactory.cs:181)
DungeonRunners.Data.GCObjectFactory:LoadAvatar () (at Assets/DungeonRunners/Data/GCObjectFactory.cs:150)
DungeonRunners.Networking.UnityGameServer:SendCharacterList (DungeonRunners.Networking.RRConnection) (at Assets/DungeonRunners/Networking/UnityGameServer.cs:673)
DungeonRunners.Networking.UnityGameServer:HandleCharacterChannel (DungeonRunners.Networking.RRConnection,byte,byte[]) (at Assets/DungeonRunners/Networking/UnityGameServer.cs:461)
DungeonRunners.Networking.UnityGameServer:HandleChannelMessage (DungeonRunners.Networking.RRConnection,byte,byte,byte[]) (at Assets/DungeonRunners/Networking/UnityGameServer.cs:317)
DungeonRunners.Networking.UnityGameServer:HandleCompressedE (DungeonRunners.Networking.RRConnection,byte[]) (at Assets/DungeonRunners/Networking/UnityGameServer.cs:269)
DungeonRunners.Networking.UnityGameServer:ProcessMessage (DungeonRunners.Networking.RRConnection,byte[]) (at Assets/DungeonRunners/Networking/UnityGameServer.cs:173)
DungeonRunners.Networking.UnityGameServer/<HandleClientCoroutine>d__19:MoveNext () (at Assets/DungeonRunners/Networking/UnityGameServer.cs:136)
UnityEngine.SetupCoroutine:InvokeMoveNext (System.Collections.IEnumerator,intptr)

[MANIP-EQUIP] ❌ No armor selected
UnityEngine.Debug:LogError (object)
DungeonRunners.Data.GCObjectFactory:PopulateManipulatorsWithEquipment (DungeonRunners.Data.GCObject) (at Assets/DungeonRunners/Data/GCObjectFactory.cs:194)
DungeonRunners.Data.GCObjectFactory:LoadAvatar () (at Assets/DungeonRunners/Data/GCObjectFactory.cs:150)
DungeonRunners.Networking.UnityGameServer:SendCharacterList (DungeonRunners.Networking.RRConnection) (at Assets/DungeonRunners/Networking/UnityGameServer.cs:673)
DungeonRunners.Networking.UnityGameServer:HandleCharacterChannel (DungeonRunners.Networking.RRConnection,byte,byte[]) (at Assets/DungeonRunners/Networking/UnityGameServer.cs:461)
DungeonRunners.Networking.UnityGameServer:HandleChannelMessage (DungeonRunners.Networking.RRConnection,byte,byte,byte[]) (at Assets/DungeonRunners/Networking/UnityGameServer.cs:317)
DungeonRunners.Networking.UnityGameServer:HandleCompressedE (DungeonRunners.Networking.RRConnection,byte[]) (at Assets/DungeonRunners/Networking/UnityGameServer.cs:269)
DungeonRunners.Networking.UnityGameServer:ProcessMessage (DungeonRunners.Networking.RRConnection,byte[]) (at Assets/DungeonRunners/Networking/UnityGameServer.cs:173)
DungeonRunners.Networking.UnityGameServer/<HandleClientCoroutine>d__19:MoveNext () (at Assets/DungeonRunners/Networking/UnityGameServer.cs:136)
UnityEngine.SetupCoroutine:InvokeMoveNext (System.Collections.IEnumerator,intptr)

[MANIP-EQUIP] ❌ No gloves selected
UnityEngine.Debug:LogError (object)
DungeonRunners.Data.GCObjectFactory:PopulateManipulatorsWithEquipment (DungeonRunners.Data.GCObject) (at Assets/DungeonRunners/Data/GCObjectFactory.cs:207)
DungeonRunners.Data.GCObjectFactory:LoadAvatar () (at Assets/DungeonRunners/Data/GCObjectFactory.cs:150)
DungeonRunners.Networking.UnityGameServer:SendCharacterList (DungeonRunners.Networking.RRConnection) (at Assets/DungeonRunners/Networking/UnityGameServer.cs:673)
DungeonRunners.Networking.UnityGameServer:HandleCharacterChannel (DungeonRunners.Networking.RRConnection,byte,byte[]) (at Assets/DungeonRunners/Networking/UnityGameServer.cs:461)
DungeonRunners.Networking.UnityGameServer:HandleChannelMessage (DungeonRunners.Networking.RRConnection,byte,byte,byte[]) (at Assets/DungeonRunners/Networking/UnityGameServer.cs:317)
DungeonRunners.Networking.UnityGameServer:HandleCompressedE (DungeonRunners.Networking.RRConnection,byte[]) (at Assets/DungeonRunners/Networking/UnityGameServer.cs:269)
DungeonRunners.Networking.UnityGameServer:ProcessMessage (DungeonRunners.Networking.RRConnection,byte[]) (at Assets/DungeonRunners/Networking/UnityGameServer.cs:173)
DungeonRunners.Networking.UnityGameServer/<HandleClientCoroutine>d__19:MoveNext () (at Assets/DungeonRunners/Networking/UnityGameServer.cs:136)
UnityEngine.SetupCoroutine:InvokeMoveNext (System.Collections.IEnumerator,intptr)

[MANIP-EQUIP] ❌ No boots selected
UnityEngine.Debug:LogError (object)
DungeonRunners.Data.GCObjectFactory:PopulateManipulatorsWithEquipment (DungeonRunners.Data.GCObject) (at Assets/DungeonRunners/Data/GCObjectFactory.cs:220)
DungeonRunners.Data.GCObjectFactory:LoadAvatar () (at Assets/DungeonRunners/Data/GCObjectFactory.cs:150)
DungeonRunners.Networking.UnityGameServer:SendCharacterList (DungeonRunners.Networking.RRConnection) (at Assets/DungeonRunners/Networking/UnityGameServer.cs:673)
DungeonRunners.Networking.UnityGameServer:HandleCharacterChannel (DungeonRunners.Networking.RRConnection,byte,byte[]) (at Assets/DungeonRunners/Networking/UnityGameServer.cs:461)
DungeonRunners.Networking.UnityGameServer:HandleChannelMessage (DungeonRunners.Networking.RRConnection,byte,byte,byte[]) (at Assets/DungeonRunners/Networking/UnityGameServer.cs:317)
DungeonRunners.Networking.UnityGameServer:HandleCompressedE (DungeonRunners.Networking.RRConnection,byte[]) (at Assets/DungeonRunners/Networking/UnityGameServer.cs:269)
DungeonRunners.Networking.UnityGameServer:ProcessMessage (DungeonRunners.Networking.RRConnection,byte[]) (at Assets/DungeonRunners/Networking/UnityGameServer.cs:173)
DungeonRunners.Networking.UnityGameServer/<HandleClientCoroutine>d__19:MoveNext () (at Assets/DungeonRunners/Networking/UnityGameServer.cs:136)
UnityEngine.SetupCoroutine:InvokeMoveNext (System.Collections.IEnumerator,intptr)

[MANIP-EQUIP] ❌ No weapon selected (this is OK - not all builds have weapons)
UnityEngine.Debug:LogError (object)
DungeonRunners.Data.GCObjectFactory:PopulateManipulatorsWithEquipment (DungeonRunners.Data.GCObject) (at Assets/DungeonRunners/Data/GCObjectFactory.cs:234)
DungeonRunners.Data.GCObjectFactory:LoadAvatar () (at Assets/DungeonRunners/Data/GCObjectFactory.cs:150)
DungeonRunners.Networking.UnityGameServer:SendCharacterList (DungeonRunners.Networking.RRConnection) (at Assets/DungeonRunners/Networking/UnityGameServer.cs:673)
DungeonRunners.Networking.UnityGameServer:HandleCharacterChannel (DungeonRunners.Networking.RRConnection,byte,byte[]) (at Assets/DungeonRunners/Networking/UnityGameServer.cs:461)
DungeonRunners.Networking.UnityGameServer:HandleChannelMessage (DungeonRunners.Networking.RRConnection,byte,byte,byte[]) (at Assets/DungeonRunners/Networking/UnityGameServer.cs:317)
DungeonRunners.Networking.UnityGameServer:HandleCompressedE (DungeonRunners.Networking.RRConnection,byte[]) (at Assets/DungeonRunners/Networking/UnityGameServer.cs:269)
DungeonRunners.Networking.UnityGameServer:ProcessMessage (DungeonRunners.Networking.RRConnection,byte[]) (at Assets/DungeonRunners/Networking/UnityGameServer.cs:173)
DungeonRunners.Networking.UnityGameServer/<HandleClientCoroutine>d__19:MoveNext () (at Assets/DungeonRunners/Networking/UnityGameServer.cs:136)
UnityEngine.SetupCoroutine:InvokeMoveNext (System.Collections.IEnumerator,intptr)

[MANIP-EQUIP] ═══════════════════════════════════════════════════════════
UnityEngine.Debug:LogError (object)
DungeonRunners.Data.GCObjectFactory:PopulateManipulatorsWithEquipment (DungeonRunners.Data.GCObject) (at Assets/DungeonRunners/Data/GCObjectFactory.cs:237)
DungeonRunners.Data.GCObjectFactory:LoadAvatar () (at Assets/DungeonRunners/Data/GCObjectFactory.cs:150)
DungeonRunners.Networking.UnityGameServer:SendCharacterList (DungeonRunners.Networking.RRConnection) (at Assets/DungeonRunners/Networking/UnityGameServer.cs:673)
DungeonRunners.Networking.UnityGameServer:HandleCharacterChannel (DungeonRunners.Networking.RRConnection,byte,byte[]) (at Assets/DungeonRunners/Networking/UnityGameServer.cs:461)
DungeonRunners.Networking.UnityGameServer:HandleChannelMessage (DungeonRunners.Networking.RRConnection,byte,byte,byte[]) (at Assets/DungeonRunners/Networking/UnityGameServer.cs:317)
DungeonRunners.Networking.UnityGameServer:HandleCompressedE (DungeonRunners.Networking.RRConnection,byte[]) (at Assets/DungeonRunners/Networking/UnityGameServer.cs:269)
DungeonRunners.Networking.UnityGameServer:ProcessMessage (DungeonRunners.Networking.RRConnection,byte[]) (at Assets/DungeonRunners/Networking/UnityGameServer.cs:173)
DungeonRunners.Networking.UnityGameServer/<HandleClientCoroutine>d__19:MoveNext () (at Assets/DungeonRunners/Networking/UnityGameServer.cs:136)
UnityEngine.SetupCoroutine:InvokeMoveNext (System.Collections.IEnumerator,intptr)

[MANIP-EQUIP] ✅ Equipment selection complete: 0/5 items added
UnityEngine.Debug:LogError (object)
DungeonRunners.Data.GCObjectFactory:PopulateManipulatorsWithEquipment (DungeonRunners.Data.GCObject) (at Assets/DungeonRunners/Data/GCObjectFactory.cs:238)
DungeonRunners.Data.GCObjectFactory:LoadAvatar () (at Assets/DungeonRunners/Data/GCObjectFactory.cs:150)
DungeonRunners.Networking.UnityGameServer:SendCharacterList (DungeonRunners.Networking.RRConnection) (at Assets/DungeonRunners/Networking/UnityGameServer.cs:673)
DungeonRunners.Networking.UnityGameServer:HandleCharacterChannel (DungeonRunners.Networking.RRConnection,byte,byte[]) (at Assets/DungeonRunners/Networking/UnityGameServer.cs:461)
DungeonRunners.Networking.UnityGameServer:HandleChannelMessage (DungeonRunners.Networking.RRConnection,byte,byte,byte[]) (at Assets/DungeonRunners/Networking/UnityGameServer.cs:317)
DungeonRunners.Networking.UnityGameServer:HandleCompressedE (DungeonRunners.Networking.RRConnection,byte[]) (at Assets/DungeonRunners/Networking/UnityGameServer.cs:269)
DungeonRunners.Networking.UnityGameServer:ProcessMessage (DungeonRunners.Networking.RRConnection,byte[]) (at Assets/DungeonRunners/Networking/UnityGameServer.cs:173)
DungeonRunners.Networking.UnityGameServer/<HandleClientCoroutine>d__19:MoveNext () (at Assets/DungeonRunners/Networking/UnityGameServer.cs:136)
UnityEngine.SetupCoroutine:InvokeMoveNext (System.Collections.IEnumerator,intptr)

[MANIP-EQUIP] ═══════════════════════════════════════════════════════════
UnityEngine.Debug:LogError (object)
DungeonRunners.Data.GCObjectFactory:PopulateManipulatorsWithEquipment (DungeonRunners.Data.GCObject) (at Assets/DungeonRunners/Data/GCObjectFactory.cs:239)
DungeonRunners.Data.GCObjectFactory:LoadAvatar () (at Assets/DungeonRunners/Data/GCObjectFactory.cs:150)
DungeonRunners.Networking.UnityGameServer:SendCharacterList (DungeonRunners.Networking.RRConnection) (at Assets/DungeonRunners/Networking/UnityGameServer.cs:673)
DungeonRunners.Networking.UnityGameServer:HandleCharacterChannel (DungeonRunners.Networking.RRConnection,byte,byte[]) (at Assets/DungeonRunners/Networking/UnityGameServer.cs:461)
DungeonRunners.Networking.UnityGameServer:HandleChannelMessage (DungeonRunners.Networking.RRConnection,byte,byte,byte[]) (at Assets/DungeonRunners/Networking/UnityGameServer.cs:317)
DungeonRunners.Networking.UnityGameServer:HandleCompressedE (DungeonRunners.Networking.RRConnection,byte[]) (at Assets/DungeonRunners/Networking/UnityGameServer.cs:269)
DungeonRunners.Networking.UnityGameServer:ProcessMessage (DungeonRunners.Networking.RRConnection,byte[]) (at Assets/DungeonRunners/Networking/UnityGameServer.cs:173)
DungeonRunners.Networking.UnityGameServer/<HandleClientCoroutine>d__19:MoveNext () (at Assets/DungeonRunners/Networking/UnityGameServer.cs:136)
UnityEngine.SetupCoroutine:InvokeMoveNext (System.Collections.IEnumerator,intptr)

[MANIP-EQUIP] ═══════════════════════════════════════════════════════════
UnityEngine.Debug:LogError (object)
DungeonRunners.Data.GCObjectFactory:PopulateManipulatorsWithEquipment (DungeonRunners.Data.GCObject) (at Assets/DungeonRunners/Data/GCObjectFactory.cs:167)
DungeonRunners.Data.GCObjectFactory:LoadAvatar () (at Assets/DungeonRunners/Data/GCObjectFactory.cs:150)
DungeonRunners.Networking.UnityGameServer:SendPlayerEntitySpawn (DungeonRunners.Networking.RRConnection) (at Assets/DungeonRunners/Networking/UnityGameServer.cs:965)
DungeonRunners.Networking.UnityGameServer:HandleZoneChannel (DungeonRunners.Networking.RRConnection,byte[]) (at Assets/DungeonRunners/Networking/UnityGameServer.cs:560)
DungeonRunners.Networking.UnityGameServer:HandleChannelMessage (DungeonRunners.Networking.RRConnection,byte,byte,byte[]) (at Assets/DungeonRunners/Networking/UnityGameServer.cs:326)
DungeonRunners.Networking.UnityGameServer:HandleCompressedE (DungeonRunners.Networking.RRConnection,byte[]) (at Assets/DungeonRunners/Networking/UnityGameServer.cs:269)
DungeonRunners.Networking.UnityGameServer:ProcessMessage (DungeonRunners.Networking.RRConnection,byte[]) (at Assets/DungeonRunners/Networking/UnityGameServer.cs:173)
DungeonRunners.Networking.UnityGameServer/<HandleClientCoroutine>d__19:MoveNext () (at Assets/DungeonRunners/Networking/UnityGameServer.cs:136)
UnityEngine.SetupCoroutine:InvokeMoveNext (System.Collections.IEnumerator,intptr)

[MANIP-EQUIP] PopulateManipulatorsWithEquipment - Selecting RANDOM items
UnityEngine.Debug:LogError (object)
DungeonRunners.Data.GCObjectFactory:PopulateManipulatorsWithEquipment (DungeonRunners.Data.GCObject) (at Assets/DungeonRunners/Data/GCObjectFactory.cs:168)
DungeonRunners.Data.GCObjectFactory:LoadAvatar () (at Assets/DungeonRunners/Data/GCObjectFactory.cs:150)
DungeonRunners.Networking.UnityGameServer:SendPlayerEntitySpawn (DungeonRunners.Networking.RRConnection) (at Assets/DungeonRunners/Networking/UnityGameServer.cs:965)
DungeonRunners.Networking.UnityGameServer:HandleZoneChannel (DungeonRunners.Networking.RRConnection,byte[]) (at Assets/DungeonRunners/Networking/UnityGameServer.cs:560)
DungeonRunners.Networking.UnityGameServer:HandleChannelMessage (DungeonRunners.Networking.RRConnection,byte,byte,byte[]) (at Assets/DungeonRunners/Networking/UnityGameServer.cs:326)
DungeonRunners.Networking.UnityGameServer:HandleCompressedE (DungeonRunners.Networking.RRConnection,byte[]) (at Assets/DungeonRunners/Networking/UnityGameServer.cs:269)
DungeonRunners.Networking.UnityGameServer:ProcessMessage (DungeonRunners.Networking.RRConnection,byte[]) (at Assets/DungeonRunners/Networking/UnityGameServer.cs:173)
DungeonRunners.Networking.UnityGameServer/<HandleClientCoroutine>d__19:MoveNext () (at Assets/DungeonRunners/Networking/UnityGameServer.cs:136)
UnityEngine.SetupCoroutine:InvokeMoveNext (System.Collections.IEnumerator,intptr)

[MANIP-EQUIP] ✓ Random Helmet: splintpal.splinthelm2 (Native: Armor)
UnityEngine.Debug:LogError (object)
DungeonRunners.Data.GCObjectFactory:PopulateManipulatorsWithEquipment (DungeonRunners.Data.GCObject) (at Assets/DungeonRunners/Data/GCObjectFactory.cs:176)
DungeonRunners.Data.GCObjectFactory:LoadAvatar () (at Assets/DungeonRunners/Data/GCObjectFactory.cs:150)
DungeonRunners.Networking.UnityGameServer:SendPlayerEntitySpawn (DungeonRunners.Networking.RRConnection) (at Assets/DungeonRunners/Networking/UnityGameServer.cs:965)
DungeonRunners.Networking.UnityGameServer:HandleZoneChannel (DungeonRunners.Networking.RRConnection,byte[]) (at Assets/DungeonRunners/Networking/UnityGameServer.cs:560)
DungeonRunners.Networking.UnityGameServer:HandleChannelMessage (DungeonRunners.Networking.RRConnection,byte,byte,byte[]) (at Assets/DungeonRunners/Networking/UnityGameServer.cs:326)
DungeonRunners.Networking.UnityGameServer:HandleCompressedE (DungeonRunners.Networking.RRConnection,byte[]) (at Assets/DungeonRunners/Networking/UnityGameServer.cs:269)
DungeonRunners.Networking.UnityGameServer:ProcessMessage (DungeonRunners.Networking.RRConnection,byte[]) (at Assets/DungeonRunners/Networking/UnityGameServer.cs:173)
DungeonRunners.Networking.UnityGameServer/<HandleClientCoroutine>d__19:MoveNext () (at Assets/DungeonRunners/Networking/UnityGameServer.cs:136)
UnityEngine.SetupCoroutine:InvokeMoveNext (System.Collections.IEnumerator,intptr)

[MANIP-EQUIP] ✓ Random Armor: platepal.plateuniqueshield4 (Native: Armor)
UnityEngine.Debug:LogError (object)
DungeonRunners.Data.GCObjectFactory:PopulateManipulatorsWithEquipment (DungeonRunners.Data.GCObject) (at Assets/DungeonRunners/Data/GCObjectFactory.cs:189)
DungeonRunners.Data.GCObjectFactory:LoadAvatar () (at Assets/DungeonRunners/Data/GCObjectFactory.cs:150)
DungeonRunners.Networking.UnityGameServer:SendPlayerEntitySpawn (DungeonRunners.Networking.RRConnection) (at Assets/DungeonRunners/Networking/UnityGameServer.cs:965)
DungeonRunners.Networking.UnityGameServer:HandleZoneChannel (DungeonRunners.Networking.RRConnection,byte[]) (at Assets/DungeonRunners/Networking/UnityGameServer.cs:560)
DungeonRunners.Networking.UnityGameServer:HandleChannelMessage (DungeonRunners.Networking.RRConnection,byte,byte,byte[]) (at Assets/DungeonRunners/Networking/UnityGameServer.cs:326)
DungeonRunners.Networking.UnityGameServer:HandleCompressedE (DungeonRunners.Networking.RRConnection,byte[]) (at Assets/DungeonRunners/Networking/UnityGameServer.cs:269)
DungeonRunners.Networking.UnityGameServer:ProcessMessage (DungeonRunners.Networking.RRConnection,byte[]) (at Assets/DungeonRunners/Networking/UnityGameServer.cs:173)
DungeonRunners.Networking.UnityGameServer/<HandleClientCoroutine>d__19:MoveNext () (at Assets/DungeonRunners/Networking/UnityGameServer.cs:136)
UnityEngine.SetupCoroutine:InvokeMoveNext (System.Collections.IEnumerator,intptr)

[MANIP-EQUIP] ✓ Random Gloves: items.pal.mageglovespal.prebuiltmythic004 (Native: Armor)
UnityEngine.Debug:LogError (object)
DungeonRunners.Data.GCObjectFactory:PopulateManipulatorsWithEquipment (DungeonRunners.Data.GCObject) (at Assets/DungeonRunners/Data/GCObjectFactory.cs:202)
DungeonRunners.Data.GCObjectFactory:LoadAvatar () (at Assets/DungeonRunners/Data/GCObjectFactory.cs:150)
DungeonRunners.Networking.UnityGameServer:SendPlayerEntitySpawn (DungeonRunners.Networking.RRConnection) (at Assets/DungeonRunners/Networking/UnityGameServer.cs:965)
DungeonRunners.Networking.UnityGameServer:HandleZoneChannel (DungeonRunners.Networking.RRConnection,byte[]) (at Assets/DungeonRunners/Networking/UnityGameServer.cs:560)
DungeonRunners.Networking.UnityGameServer:HandleChannelMessage (DungeonRunners.Networking.RRConnection,byte,byte,byte[]) (at Assets/DungeonRunners/Networking/UnityGameServer.cs:326)
DungeonRunners.Networking.UnityGameServer:HandleCompressedE (DungeonRunners.Networking.RRConnection,byte[]) (at Assets/DungeonRunners/Networking/UnityGameServer.cs:269)
DungeonRunners.Networking.UnityGameServer:ProcessMessage (DungeonRunners.Networking.RRConnection,byte[]) (at Assets/DungeonRunners/Networking/UnityGameServer.cs:173)
DungeonRunners.Networking.UnityGameServer/<HandleClientCoroutine>d__19:MoveNext () (at Assets/DungeonRunners/Networking/UnityGameServer.cs:136)
UnityEngine.SetupCoroutine:InvokeMoveNext (System.Collections.IEnumerator,intptr)

[MANIP-EQUIP] ✓ Random Boots: splintmythicpal.splintmythicboots100 (Native: Armor)
UnityEngine.Debug:LogError (object)
DungeonRunners.Data.GCObjectFactory:PopulateManipulatorsWithEquipment (DungeonRunners.Data.GCObject) (at Assets/DungeonRunners/Data/GCObjectFactory.cs:215)
DungeonRunners.Data.GCObjectFactory:LoadAvatar () (at Assets/DungeonRunners/Data/GCObjectFactory.cs:150)
DungeonRunners.Networking.UnityGameServer:SendPlayerEntitySpawn (DungeonRunners.Networking.RRConnection) (at Assets/DungeonRunners/Networking/UnityGameServer.cs:965)
DungeonRunners.Networking.UnityGameServer:HandleZoneChannel (DungeonRunners.Networking.RRConnection,byte[]) (at Assets/DungeonRunners/Networking/UnityGameServer.cs:560)
DungeonRunners.Networking.UnityGameServer:HandleChannelMessage (DungeonRunners.Networking.RRConnection,byte,byte,byte[]) (at Assets/DungeonRunners/Networking/UnityGameServer.cs:326)
DungeonRunners.Networking.UnityGameServer:HandleCompressedE (DungeonRunners.Networking.RRConnection,byte[]) (at Assets/DungeonRunners/Networking/UnityGameServer.cs:269)
DungeonRunners.Networking.UnityGameServer:ProcessMessage (DungeonRunners.Networking.RRConnection,byte[]) (at Assets/DungeonRunners/Networking/UnityGameServer.cs:173)
DungeonRunners.Networking.UnityGameServer/<HandleClientCoroutine>d__19:MoveNext () (at Assets/DungeonRunners/Networking/UnityGameServer.cs:136)
UnityEngine.SetupCoroutine:InvokeMoveNext (System.Collections.IEnumerator,intptr)

[MANIP-EQUIP] ✓ Random Weapon: 1hsword1pal.1hsword1-7 (Native: MeleeWeapon)
UnityEngine.Debug:LogError (object)
DungeonRunners.Data.GCObjectFactory:PopulateManipulatorsWithEquipment (DungeonRunners.Data.GCObject) (at Assets/DungeonRunners/Data/GCObjectFactory.cs:229)
DungeonRunners.Data.GCObjectFactory:LoadAvatar () (at Assets/DungeonRunners/Data/GCObjectFactory.cs:150)
DungeonRunners.Networking.UnityGameServer:SendPlayerEntitySpawn (DungeonRunners.Networking.RRConnection) (at Assets/DungeonRunners/Networking/UnityGameServer.cs:965)
DungeonRunners.Networking.UnityGameServer:HandleZoneChannel (DungeonRunners.Networking.RRConnection,byte[]) (at Assets/DungeonRunners/Networking/UnityGameServer.cs:560)
DungeonRunners.Networking.UnityGameServer:HandleChannelMessage (DungeonRunners.Networking.RRConnection,byte,byte,byte[]) (at Assets/DungeonRunners/Networking/UnityGameServer.cs:326)
DungeonRunners.Networking.UnityGameServer:HandleCompressedE (DungeonRunners.Networking.RRConnection,byte[]) (at Assets/DungeonRunners/Networking/UnityGameServer.cs:269)
DungeonRunners.Networking.UnityGameServer:ProcessMessage (DungeonRunners.Networking.RRConnection,byte[]) (at Assets/DungeonRunners/Networking/UnityGameServer.cs:173)
DungeonRunners.Networking.UnityGameServer/<HandleClientCoroutine>d__19:MoveNext () (at Assets/DungeonRunners/Networking/UnityGameServer.cs:136)
UnityEngine.SetupCoroutine:InvokeMoveNext (System.Collections.IEnumerator,intptr)

[MANIP-EQUIP] ═══════════════════════════════════════════════════════════
UnityEngine.Debug:LogError (object)
DungeonRunners.Data.GCObjectFactory:PopulateManipulatorsWithEquipment (DungeonRunners.Data.GCObject) (at Assets/DungeonRunners/Data/GCObjectFactory.cs:237)
DungeonRunners.Data.GCObjectFactory:LoadAvatar () (at Assets/DungeonRunners/Data/GCObjectFactory.cs:150)
DungeonRunners.Networking.UnityGameServer:SendPlayerEntitySpawn (DungeonRunners.Networking.RRConnection) (at Assets/DungeonRunners/Networking/UnityGameServer.cs:965)
DungeonRunners.Networking.UnityGameServer:HandleZoneChannel (DungeonRunners.Networking.RRConnection,byte[]) (at Assets/DungeonRunners/Networking/UnityGameServer.cs:560)
DungeonRunners.Networking.UnityGameServer:HandleChannelMessage (DungeonRunners.Networking.RRConnection,byte,byte,byte[]) (at Assets/DungeonRunners/Networking/UnityGameServer.cs:326)
DungeonRunners.Networking.UnityGameServer:HandleCompressedE (DungeonRunners.Networking.RRConnection,byte[]) (at Assets/DungeonRunners/Networking/UnityGameServer.cs:269)
DungeonRunners.Networking.UnityGameServer:ProcessMessage (DungeonRunners.Networking.RRConnection,byte[]) (at Assets/DungeonRunners/Networking/UnityGameServer.cs:173)
DungeonRunners.Networking.UnityGameServer/<HandleClientCoroutine>d__19:MoveNext () (at Assets/DungeonRunners/Networking/UnityGameServer.cs:136)
UnityEngine.SetupCoroutine:InvokeMoveNext (System.Collections.IEnumerator,intptr)

[MANIP-EQUIP] ✅ Equipment selection complete: 5/5 items added
UnityEngine.Debug:LogError (object)
DungeonRunners.Data.GCObjectFactory:PopulateManipulatorsWithEquipment (DungeonRunners.Data.GCObject) (at Assets/DungeonRunners/Data/GCObjectFactory.cs:238)
DungeonRunners.Data.GCObjectFactory:LoadAvatar () (at Assets/DungeonRunners/Data/GCObjectFactory.cs:150)
DungeonRunners.Networking.UnityGameServer:SendPlayerEntitySpawn (DungeonRunners.Networking.RRConnection) (at Assets/DungeonRunners/Networking/UnityGameServer.cs:965)
DungeonRunners.Networking.UnityGameServer:HandleZoneChannel (DungeonRunners.Networking.RRConnection,byte[]) (at Assets/DungeonRunners/Networking/UnityGameServer.cs:560)
DungeonRunners.Networking.UnityGameServer:HandleChannelMessage (DungeonRunners.Networking.RRConnection,byte,byte,byte[]) (at Assets/DungeonRunners/Networking/UnityGameServer.cs:326)
DungeonRunners.Networking.UnityGameServer:HandleCompressedE (DungeonRunners.Networking.RRConnection,byte[]) (at Assets/DungeonRunners/Networking/UnityGameServer.cs:269)
DungeonRunners.Networking.UnityGameServer:ProcessMessage (DungeonRunners.Networking.RRConnection,byte[]) (at Assets/DungeonRunners/Networking/UnityGameServer.cs:173)
DungeonRunners.Networking.UnityGameServer/<HandleClientCoroutine>d__19:MoveNext () (at Assets/DungeonRunners/Networking/UnityGameServer.cs:136)
UnityEngine.SetupCoroutine:InvokeMoveNext (System.Collections.IEnumerator,intptr)

[MANIP-EQUIP] ═══════════════════════════════════════════════════════════
UnityEngine.Debug:LogError (object)
DungeonRunners.Data.GCObjectFactory:PopulateManipulatorsWithEquipment (DungeonRunners.Data.GCObject) (at Assets/DungeonRunners/Data/GCObjectFactory.cs:239)
DungeonRunners.Data.GCObjectFactory:LoadAvatar () (at Assets/DungeonRunners/Data/GCObjectFactory.cs:150)
DungeonRunners.Networking.UnityGameServer:SendPlayerEntitySpawn (DungeonRunners.Networking.RRConnection) (at Assets/DungeonRunners/Networking/UnityGameServer.cs:965)
DungeonRunners.Networking.UnityGameServer:HandleZoneChannel (DungeonRunners.Networking.RRConnection,byte[]) (at Assets/DungeonRunners/Networking/UnityGameServer.cs:560)
DungeonRunners.Networking.UnityGameServer:HandleChannelMessage (DungeonRunners.Networking.RRConnection,byte,byte,byte[]) (at Assets/DungeonRunners/Networking/UnityGameServer.cs:326)
DungeonRunners.Networking.UnityGameServer:HandleCompressedE (DungeonRunners.Networking.RRConnection,byte[]) (at Assets/DungeonRunners/Networking/UnityGameServer.cs:269)
DungeonRunners.Networking.UnityGameServer:ProcessMessage (DungeonRunners.Networking.RRConnection,byte[]) (at Assets/DungeonRunners/Networking/UnityGameServer.cs:173)
DungeonRunners.Networking.UnityGameServer/<HandleClientCoroutine>d__19:MoveNext () (at Assets/DungeonRunners/Networking/UnityGameServer.cs:136)
UnityEngine.SetupCoroutine:InvokeMoveNext (System.Collections.IEnumerator,intptr)

[MANIP-EQUIP] ═══════════════════════════════════════════════════════════
UnityEngine.Debug:LogError (object)
DungeonRunners.Data.GCObjectFactory:PopulateManipulatorsWithEquipment (DungeonRunners.Data.GCObject) (at Assets/DungeonRunners/Data/GCObjectFactory.cs:167)
DungeonRunners.Data.GCObjectFactory:LoadAvatar () (at Assets/DungeonRunners/Data/GCObjectFactory.cs:150)
DungeonRunners.Networking.UnityGameServer:SendCharacterList (DungeonRunners.Networking.RRConnection) (at Assets/DungeonRunners/Networking/UnityGameServer.cs:673)
DungeonRunners.Networking.UnityGameServer:HandleCharacterChannel (DungeonRunners.Networking.RRConnection,byte,byte[]) (at Assets/DungeonRunners/Networking/UnityGameServer.cs:461)
DungeonRunners.Networking.UnityGameServer:HandleChannelMessage (DungeonRunners.Networking.RRConnection,byte,byte,byte[]) (at Assets/DungeonRunners/Networking/UnityGameServer.cs:317)
DungeonRunners.Networking.UnityGameServer:HandleCompressedE (DungeonRunners.Networking.RRConnection,byte[]) (at Assets/DungeonRunners/Networking/UnityGameServer.cs:269)
DungeonRunners.Networking.UnityGameServer:ProcessMessage (DungeonRunners.Networking.RRConnection,byte[]) (at Assets/DungeonRunners/Networking/UnityGameServer.cs:173)
DungeonRunners.Networking.UnityGameServer/<HandleClientCoroutine>d__19:MoveNext () (at Assets/DungeonRunners/Networking/UnityGameServer.cs:136)
UnityEngine.SetupCoroutine:InvokeMoveNext (System.Collections.IEnumerator,intptr)

[MANIP-EQUIP] PopulateManipulatorsWithEquipment - Selecting RANDOM items
UnityEngine.Debug:LogError (object)
DungeonRunners.Data.GCObjectFactory:PopulateManipulatorsWithEquipment (DungeonRunners.Data.GCObject) (at Assets/DungeonRunners/Data/GCObjectFactory.cs:168)
DungeonRunners.Data.GCObjectFactory:LoadAvatar () (at Assets/DungeonRunners/Data/GCObjectFactory.cs:150)
DungeonRunners.Networking.UnityGameServer:SendCharacterList (DungeonRunners.Networking.RRConnection) (at Assets/DungeonRunners/Networking/UnityGameServer.cs:673)
DungeonRunners.Networking.UnityGameServer:HandleCharacterChannel (DungeonRunners.Networking.RRConnection,byte,byte[]) (at Assets/DungeonRunners/Networking/UnityGameServer.cs:461)
DungeonRunners.Networking.UnityGameServer:HandleChannelMessage (DungeonRunners.Networking.RRConnection,byte,byte,byte[]) (at Assets/DungeonRunners/Networking/UnityGameServer.cs:317)
DungeonRunners.Networking.UnityGameServer:HandleCompressedE (DungeonRunners.Networking.RRConnection,byte[]) (at Assets/DungeonRunners/Networking/UnityGameServer.cs:269)
DungeonRunners.Networking.UnityGameServer:ProcessMessage (DungeonRunners.Networking.RRConnection,byte[]) (at Assets/DungeonRunners/Networking/UnityGameServer.cs:173)
DungeonRunners.Networking.UnityGameServer/<HandleClientCoroutine>d__19:MoveNext () (at Assets/DungeonRunners/Networking/UnityGameServer.cs:136)
UnityEngine.SetupCoroutine:InvokeMoveNext (System.Collections.IEnumerator,intptr)

[MANIP-EQUIP] ✓ Random Helmet: platemythicpal.platemythichelm3 (Native: Armor)
UnityEngine.Debug:LogError (object)
DungeonRunners.Data.GCObjectFactory:PopulateManipulatorsWithEquipment (DungeonRunners.Data.GCObject) (at Assets/DungeonRunners/Data/GCObjectFactory.cs:176)
DungeonRunners.Data.GCObjectFactory:LoadAvatar () (at Assets/DungeonRunners/Data/GCObjectFactory.cs:150)
DungeonRunners.Networking.UnityGameServer:SendCharacterList (DungeonRunners.Networking.RRConnection) (at Assets/DungeonRunners/Networking/UnityGameServer.cs:673)
DungeonRunners.Networking.UnityGameServer:HandleCharacterChannel (DungeonRunners.Networking.RRConnection,byte,byte[]) (at Assets/DungeonRunners/Networking/UnityGameServer.cs:461)
DungeonRunners.Networking.UnityGameServer:HandleChannelMessage (DungeonRunners.Networking.RRConnection,byte,byte,byte[]) (at Assets/DungeonRunners/Networking/UnityGameServer.cs:317)
DungeonRunners.Networking.UnityGameServer:HandleCompressedE (DungeonRunners.Networking.RRConnection,byte[]) (at Assets/DungeonRunners/Networking/UnityGameServer.cs:269)
DungeonRunners.Networking.UnityGameServer:ProcessMessage (DungeonRunners.Networking.RRConnection,byte[]) (at Assets/DungeonRunners/Networking/UnityGameServer.cs:173)
DungeonRunners.Networking.UnityGameServer/<HandleClientCoroutine>d__19:MoveNext () (at Assets/DungeonRunners/Networking/UnityGameServer.cs:136)
UnityEngine.SetupCoroutine:InvokeMoveNext (System.Collections.IEnumerator,intptr)

[MANIP-EQUIP] ✓ Random Armor: items.deprecated.deprecatedchildarmorpal.gloves069 (Native: Armor)
UnityEngine.Debug:LogError (object)
DungeonRunners.Data.GCObjectFactory:PopulateManipulatorsWithEquipment (DungeonRunners.Data.GCObject) (at Assets/DungeonRunners/Data/GCObjectFactory.cs:189)
DungeonRunners.Data.GCObjectFactory:LoadAvatar () (at Assets/DungeonRunners/Data/GCObjectFactory.cs:150)
DungeonRunners.Networking.UnityGameServer:SendCharacterList (DungeonRunners.Networking.RRConnection) (at Assets/DungeonRunners/Networking/UnityGameServer.cs:673)
DungeonRunners.Networking.UnityGameServer:HandleCharacterChannel (DungeonRunners.Networking.RRConnection,byte,byte[]) (at Assets/DungeonRunners/Networking/UnityGameServer.cs:461)
DungeonRunners.Networking.UnityGameServer:HandleChannelMessage (DungeonRunners.Networking.RRConnection,byte,byte,byte[]) (at Assets/DungeonRunners/Networking/UnityGameServer.cs:317)
DungeonRunners.Networking.UnityGameServer:HandleCompressedE (DungeonRunners.Networking.RRConnection,byte[]) (at Assets/DungeonRunners/Networking/UnityGameServer.cs:269)
DungeonRunners.Networking.UnityGameServer:ProcessMessage (DungeonRunners.Networking.RRConnection,byte[]) (at Assets/DungeonRunners/Networking/UnityGameServer.cs:173)
DungeonRunners.Networking.UnityGameServer/<HandleClientCoroutine>d__19:MoveNext () (at Assets/DungeonRunners/Networking/UnityGameServer.cs:136)
UnityEngine.SetupCoroutine:InvokeMoveNext (System.Collections.IEnumerator,intptr)

[MANIP-EQUIP] ✓ Random Gloves: splintpal.splintuniquegloves3 (Native: Armor)
UnityEngine.Debug:LogError (object)
DungeonRunners.Data.GCObjectFactory:PopulateManipulatorsWithEquipment (DungeonRunners.Data.GCObject) (at Assets/DungeonRunners/Data/GCObjectFactory.cs:202)
DungeonRunners.Data.GCObjectFactory:LoadAvatar () (at Assets/DungeonRunners/Data/GCObjectFactory.cs:150)
DungeonRunners.Networking.UnityGameServer:SendCharacterList (DungeonRunners.Networking.RRConnection) (at Assets/DungeonRunners/Networking/UnityGameServer.cs:673)
DungeonRunners.Networking.UnityGameServer:HandleCharacterChannel (DungeonRunners.Networking.RRConnection,byte,byte[]) (at Assets/DungeonRunners/Networking/UnityGameServer.cs:461)
DungeonRunners.Networking.UnityGameServer:HandleChannelMessage (DungeonRunners.Networking.RRConnection,byte,byte,byte[]) (at Assets/DungeonRunners/Networking/UnityGameServer.cs:317)
DungeonRunners.Networking.UnityGameServer:HandleCompressedE (DungeonRunners.Networking.RRConnection,byte[]) (at Assets/DungeonRunners/Networking/UnityGameServer.cs:269)
DungeonRunners.Networking.UnityGameServer:ProcessMessage (DungeonRunners.Networking.RRConnection,byte[]) (at Assets/DungeonRunners/Networking/UnityGameServer.cs:173)
DungeonRunners.Networking.UnityGameServer/<HandleClientCoroutine>d__19:MoveNext () (at Assets/DungeonRunners/Networking/UnityGameServer.cs:136)
UnityEngine.SetupCoroutine:InvokeMoveNext (System.Collections.IEnumerator,intptr)

[MANIP-EQUIP] ✓ Random Boots: items.pal.magebootspal.unique006 (Native: Armor)
UnityEngine.Debug:LogError (object)
DungeonRunners.Data.GCObjectFactory:PopulateManipulatorsWithEquipment (DungeonRunners.Data.GCObject) (at Assets/DungeonRunners/Data/GCObjectFactory.cs:215)
DungeonRunners.Data.GCObjectFactory:LoadAvatar () (at Assets/DungeonRunners/Data/GCObjectFactory.cs:150)
DungeonRunners.Networking.UnityGameServer:SendCharacterList (DungeonRunners.Networking.RRConnection) (at Assets/DungeonRunners/Networking/UnityGameServer.cs:673)
DungeonRunners.Networking.UnityGameServer:HandleCharacterChannel (DungeonRunners.Networking.RRConnection,byte,byte[]) (at Assets/DungeonRunners/Networking/UnityGameServer.cs:461)
DungeonRunners.Networking.UnityGameServer:HandleChannelMessage (DungeonRunners.Networking.RRConnection,byte,byte,byte[]) (at Assets/DungeonRunners/Networking/UnityGameServer.cs:317)
DungeonRunners.Networking.UnityGameServer:HandleCompressedE (DungeonRunners.Networking.RRConnection,byte[]) (at Assets/DungeonRunners/Networking/UnityGameServer.cs:269)
DungeonRunners.Networking.UnityGameServer:ProcessMessage (DungeonRunners.Networking.RRConnection,byte[]) (at Assets/DungeonRunners/Networking/UnityGameServer.cs:173)
DungeonRunners.Networking.UnityGameServer/<HandleClientCoroutine>d__19:MoveNext () (at Assets/DungeonRunners/Networking/UnityGameServer.cs:136)
UnityEngine.SetupCoroutine:InvokeMoveNext (System.Collections.IEnumerator,intptr)

[MANIP-EQUIP] ✓ Random Weapon: items.pal.1hstaffpal.unique003 (Native: MeleeWeapon)
UnityEngine.Debug:LogError (object)
DungeonRunners.Data.GCObjectFactory:PopulateManipulatorsWithEquipment (DungeonRunners.Data.GCObject) (at Assets/DungeonRunners/Data/GCObjectFactory.cs:229)
DungeonRunners.Data.GCObjectFactory:LoadAvatar () (at Assets/DungeonRunners/Data/GCObjectFactory.cs:150)
DungeonRunners.Networking.UnityGameServer:SendCharacterList (DungeonRunners.Networking.RRConnection) (at Assets/DungeonRunners/Networking/UnityGameServer.cs:673)
DungeonRunners.Networking.UnityGameServer:HandleCharacterChannel (DungeonRunners.Networking.RRConnection,byte,byte[]) (at Assets/DungeonRunners/Networking/UnityGameServer.cs:461)
DungeonRunners.Networking.UnityGameServer:HandleChannelMessage (DungeonRunners.Networking.RRConnection,byte,byte,byte[]) (at Assets/DungeonRunners/Networking/UnityGameServer.cs:317)
DungeonRunners.Networking.UnityGameServer:HandleCompressedE (DungeonRunners.Networking.RRConnection,byte[]) (at Assets/DungeonRunners/Networking/UnityGameServer.cs:269)
DungeonRunners.Networking.UnityGameServer:ProcessMessage (DungeonRunners.Networking.RRConnection,byte[]) (at Assets/DungeonRunners/Networking/UnityGameServer.cs:173)
DungeonRunners.Networking.UnityGameServer/<HandleClientCoroutine>d__19:MoveNext () (at Assets/DungeonRunners/Networking/UnityGameServer.cs:136)
UnityEngine.SetupCoroutine:InvokeMoveNext (System.Collections.IEnumerator,intptr)

[MANIP-EQUIP] ═══════════════════════════════════════════════════════════
UnityEngine.Debug:LogError (object)
DungeonRunners.Data.GCObjectFactory:PopulateManipulatorsWithEquipment (DungeonRunners.Data.GCObject) (at Assets/DungeonRunners/Data/GCObjectFactory.cs:237)
DungeonRunners.Data.GCObjectFactory:LoadAvatar () (at Assets/DungeonRunners/Data/GCObjectFactory.cs:150)
DungeonRunners.Networking.UnityGameServer:SendCharacterList (DungeonRunners.Networking.RRConnection) (at Assets/DungeonRunners/Networking/UnityGameServer.cs:673)
DungeonRunners.Networking.UnityGameServer:HandleCharacterChannel (DungeonRunners.Networking.RRConnection,byte,byte[]) (at Assets/DungeonRunners/Networking/UnityGameServer.cs:461)
DungeonRunners.Networking.UnityGameServer:HandleChannelMessage (DungeonRunners.Networking.RRConnection,byte,byte,byte[]) (at Assets/DungeonRunners/Networking/UnityGameServer.cs:317)
DungeonRunners.Networking.UnityGameServer:HandleCompressedE (DungeonRunners.Networking.RRConnection,byte[]) (at Assets/DungeonRunners/Networking/UnityGameServer.cs:269)
DungeonRunners.Networking.UnityGameServer:ProcessMessage (DungeonRunners.Networking.RRConnection,byte[]) (at Assets/DungeonRunners/Networking/UnityGameServer.cs:173)
DungeonRunners.Networking.UnityGameServer/<HandleClientCoroutine>d__19:MoveNext () (at Assets/DungeonRunners/Networking/UnityGameServer.cs:136)
UnityEngine.SetupCoroutine:InvokeMoveNext (System.Collections.IEnumerator,intptr)

[MANIP-EQUIP] ✅ Equipment selection complete: 5/5 items added
UnityEngine.Debug:LogError (object)
DungeonRunners.Data.GCObjectFactory:PopulateManipulatorsWithEquipment (DungeonRunners.Data.GCObject) (at Assets/DungeonRunners/Data/GCObjectFactory.cs:238)
DungeonRunners.Data.GCObjectFactory:LoadAvatar () (at Assets/DungeonRunners/Data/GCObjectFactory.cs:150)
DungeonRunners.Networking.UnityGameServer:SendCharacterList (DungeonRunners.Networking.RRConnection) (at Assets/DungeonRunners/Networking/UnityGameServer.cs:673)
DungeonRunners.Networking.UnityGameServer:HandleCharacterChannel (DungeonRunners.Networking.RRConnection,byte,byte[]) (at Assets/DungeonRunners/Networking/UnityGameServer.cs:461)
DungeonRunners.Networking.UnityGameServer:HandleChannelMessage (DungeonRunners.Networking.RRConnection,byte,byte,byte[]) (at Assets/DungeonRunners/Networking/UnityGameServer.cs:317)
DungeonRunners.Networking.UnityGameServer:HandleCompressedE (DungeonRunners.Networking.RRConnection,byte[]) (at Assets/DungeonRunners/Networking/UnityGameServer.cs:269)
DungeonRunners.Networking.UnityGameServer:ProcessMessage (DungeonRunners.Networking.RRConnection,byte[]) (at Assets/DungeonRunners/Networking/UnityGameServer.cs:173)
DungeonRunners.Networking.UnityGameServer/<HandleClientCoroutine>d__19:MoveNext () (at Assets/DungeonRunners/Networking/UnityGameServer.cs:136)
UnityEngine.SetupCoroutine:InvokeMoveNext (System.Collections.IEnumerator,intptr)

[MANIP-EQUIP] ═══════════════════════════════════════════════════════════
UnityEngine.Debug:LogError (object)
DungeonRunners.Data.GCObjectFactory:PopulateManipulatorsWithEquipment (DungeonRunners.Data.GCObject) (at Assets/DungeonRunners/Data/GCObjectFactory.cs:239)
DungeonRunners.Data.GCObjectFactory:LoadAvatar () (at Assets/DungeonRunners/Data/GCObjectFactory.cs:150)
DungeonRunners.Networking.UnityGameServer:SendCharacterList (DungeonRunners.Networking.RRConnection) (at Assets/DungeonRunners/Networking/UnityGameServer.cs:673)
DungeonRunners.Networking.UnityGameServer:HandleCharacterChannel (DungeonRunners.Networking.RRConnection,byte,byte[]) (at Assets/DungeonRunners/Networking/UnityGameServer.cs:461)
DungeonRunners.Networking.UnityGameServer:HandleChannelMessage (DungeonRunners.Networking.RRConnection,byte,byte,byte[]) (at Assets/DungeonRunners/Networking/UnityGameServer.cs:317)
DungeonRunners.Networking.UnityGameServer:HandleCompressedE (DungeonRunners.Networking.RRConnection,byte[]) (at Assets/DungeonRunners/Networking/UnityGameServer.cs:269)
DungeonRunners.Networking.UnityGameServer:ProcessMessage (DungeonRunners.Networking.RRConnection,byte[]) (at Assets/DungeonRunners/Networking/UnityGameServer.cs:173)
DungeonRunners.Networking.UnityGameServer/<HandleClientCoroutine>d__19:MoveNext () (at Assets/DungeonRunners/Networking/UnityGameServer.cs:136)
UnityEngine.SetupCoroutine:InvokeMoveNext (System.Collections.IEnumerator,intptr)

[MANIP-EQUIP] ═══════════════════════════════════════════════════════════
UnityEngine.Debug:LogError (object)
DungeonRunners.Data.GCObjectFactory:PopulateManipulatorsWithEquipment (DungeonRunners.Data.GCObject) (at Assets/DungeonRunners/Data/GCObjectFactory.cs:167)
DungeonRunners.Data.GCObjectFactory:LoadAvatar () (at Assets/DungeonRunners/Data/GCObjectFactory.cs:150)
DungeonRunners.Networking.UnityGameServer:SendCharacterList (DungeonRunners.Networking.RRConnection) (at Assets/DungeonRunners/Networking/UnityGameServer.cs:673)
DungeonRunners.Networking.UnityGameServer:HandleCharacterChannel (DungeonRunners.Networking.RRConnection,byte,byte[]) (at Assets/DungeonRunners/Networking/UnityGameServer.cs:461)
DungeonRunners.Networking.UnityGameServer:HandleChannelMessage (DungeonRunners.Networking.RRConnection,byte,byte,byte[]) (at Assets/DungeonRunners/Networking/UnityGameServer.cs:317)
DungeonRunners.Networking.UnityGameServer:HandleCompressedE (DungeonRunners.Networking.RRConnection,byte[]) (at Assets/DungeonRunners/Networking/UnityGameServer.cs:269)
DungeonRunners.Networking.UnityGameServer:ProcessMessage (DungeonRunners.Networking.RRConnection,byte[]) (at Assets/DungeonRunners/Networking/UnityGameServer.cs:173)
DungeonRunners.Networking.UnityGameServer/<HandleClientCoroutine>d__19:MoveNext () (at Assets/DungeonRunners/Networking/UnityGameServer.cs:136)
UnityEngine.SetupCoroutine:InvokeMoveNext (System.Collections.IEnumerator,intptr)

[MANIP-EQUIP] PopulateManipulatorsWithEquipment - Selecting RANDOM items
UnityEngine.Debug:LogError (object)
DungeonRunners.Data.GCObjectFactory:PopulateManipulatorsWithEquipment (DungeonRunners.Data.GCObject) (at Assets/DungeonRunners/Data/GCObjectFactory.cs:168)
DungeonRunners.Data.GCObjectFactory:LoadAvatar () (at Assets/DungeonRunners/Data/GCObjectFactory.cs:150)
DungeonRunners.Networking.UnityGameServer:SendCharacterList (DungeonRunners.Networking.RRConnection) (at Assets/DungeonRunners/Networking/UnityGameServer.cs:673)
DungeonRunners.Networking.UnityGameServer:HandleCharacterChannel (DungeonRunners.Networking.RRConnection,byte,byte[]) (at Assets/DungeonRunners/Networking/UnityGameServer.cs:461)
DungeonRunners.Networking.UnityGameServer:HandleChannelMessage (DungeonRunners.Networking.RRConnection,byte,byte,byte[]) (at Assets/DungeonRunners/Networking/UnityGameServer.cs:317)
DungeonRunners.Networking.UnityGameServer:HandleCompressedE (DungeonRunners.Networking.RRConnection,byte[]) (at Assets/DungeonRunners/Networking/UnityGameServer.cs:269)
DungeonRunners.Networking.UnityGameServer:ProcessMessage (DungeonRunners.Networking.RRConnection,byte[]) (at Assets/DungeonRunners/Networking/UnityGameServer.cs:173)
DungeonRunners.Networking.UnityGameServer/<HandleClientCoroutine>d__19:MoveNext () (at Assets/DungeonRunners/Networking/UnityGameServer.cs:136)
UnityEngine.SetupCoroutine:InvokeMoveNext (System.Collections.IEnumerator,intptr)

[MANIP-EQUIP] ✓ Random Helmet: platehelm0pal.platehelm0-3 (Native: Armor)
UnityEngine.Debug:LogError (object)
DungeonRunners.Data.GCObjectFactory:PopulateManipulatorsWithEquipment (DungeonRunners.Data.GCObject) (at Assets/DungeonRunners/Data/GCObjectFactory.cs:176)
DungeonRunners.Data.GCObjectFactory:LoadAvatar () (at Assets/DungeonRunners/Data/GCObjectFactory.cs:150)
DungeonRunners.Networking.UnityGameServer:SendCharacterList (DungeonRunners.Networking.RRConnection) (at Assets/DungeonRunners/Networking/UnityGameServer.cs:673)
DungeonRunners.Networking.UnityGameServer:HandleCharacterChannel (DungeonRunners.Networking.RRConnection,byte,byte[]) (at Assets/DungeonRunners/Networking/UnityGameServer.cs:461)
DungeonRunners.Networking.UnityGameServer:HandleChannelMessage (DungeonRunners.Networking.RRConnection,byte,byte,byte[]) (at Assets/DungeonRunners/Networking/UnityGameServer.cs:317)
DungeonRunners.Networking.UnityGameServer:HandleCompressedE (DungeonRunners.Networking.RRConnection,byte[]) (at Assets/DungeonRunners/Networking/UnityGameServer.cs:269)
DungeonRunners.Networking.UnityGameServer:ProcessMessage (DungeonRunners.Networking.RRConnection,byte[]) (at Assets/DungeonRunners/Networking/UnityGameServer.cs:173)
DungeonRunners.Networking.UnityGameServer/<HandleClientCoroutine>d__19:MoveNext () (at Assets/DungeonRunners/Networking/UnityGameServer.cs:136)
UnityEngine.SetupCoroutine:InvokeMoveNext (System.Collections.IEnumerator,intptr)

[MANIP-EQUIP] ✓ Random Armor: items.deprecated.deprecatedchildarmorpal.shoulders038 (Native: Armor)
UnityEngine.Debug:LogError (object)
DungeonRunners.Data.GCObjectFactory:PopulateManipulatorsWithEquipment (DungeonRunners.Data.GCObject) (at Assets/DungeonRunners/Data/GCObjectFactory.cs:189)
DungeonRunners.Data.GCObjectFactory:LoadAvatar () (at Assets/DungeonRunners/Data/GCObjectFactory.cs:150)
DungeonRunners.Networking.UnityGameServer:SendCharacterList (DungeonRunners.Networking.RRConnection) (at Assets/DungeonRunners/Networking/UnityGameServer.cs:673)
DungeonRunners.Networking.UnityGameServer:HandleCharacterChannel (DungeonRunners.Networking.RRConnection,byte,byte[]) (at Assets/DungeonRunners/Networking/UnityGameServer.cs:461)
DungeonRunners.Networking.UnityGameServer:HandleChannelMessage (DungeonRunners.Networking.RRConnection,byte,byte,byte[]) (at Assets/DungeonRunners/Networking/UnityGameServer.cs:317)
DungeonRunners.Networking.UnityGameServer:HandleCompressedE (DungeonRunners.Networking.RRConnection,byte[]) (at Assets/DungeonRunners/Networking/UnityGameServer.cs:269)
DungeonRunners.Networking.UnityGameServer:ProcessMessage (DungeonRunners.Networking.RRConnection,byte[]) (at Assets/DungeonRunners/Networking/UnityGameServer.cs:173)
DungeonRunners.Networking.UnityGameServer/<HandleClientCoroutine>d__19:MoveNext () (at Assets/DungeonRunners/Networking/UnityGameServer.cs:136)
UnityEngine.SetupCoroutine:InvokeMoveNext (System.Collections.IEnumerator,intptr)

[MANIP-EQUIP] ✓ Random Gloves: plategloves0pal.plategloves0-7 (Native: Armor)
UnityEngine.Debug:LogError (object)
DungeonRunners.Data.GCObjectFactory:PopulateManipulatorsWithEquipment (DungeonRunners.Data.GCObject) (at Assets/DungeonRunners/Data/GCObjectFactory.cs:202)
DungeonRunners.Data.GCObjectFactory:LoadAvatar () (at Assets/DungeonRunners/Data/GCObjectFactory.cs:150)
DungeonRunners.Networking.UnityGameServer:SendCharacterList (DungeonRunners.Networking.RRConnection) (at Assets/DungeonRunners/Networking/UnityGameServer.cs:673)
DungeonRunners.Networking.UnityGameServer:HandleCharacterChannel (DungeonRunners.Networking.RRConnection,byte,byte[]) (at Assets/DungeonRunners/Networking/UnityGameServer.cs:461)
DungeonRunners.Networking.UnityGameServer:HandleChannelMessage (DungeonRunners.Networking.RRConnection,byte,byte,byte[]) (at Assets/DungeonRunners/Networking/UnityGameServer.cs:317)
DungeonRunners.Networking.UnityGameServer:HandleCompressedE (DungeonRunners.Networking.RRConnection,byte[]) (at Assets/DungeonRunners/Networking/UnityGameServer.cs:269)
DungeonRunners.Networking.UnityGameServer:ProcessMessage (DungeonRunners.Networking.RRConnection,byte[]) (at Assets/DungeonRunners/Networking/UnityGameServer.cs:173)
DungeonRunners.Networking.UnityGameServer/<HandleClientCoroutine>d__19:MoveNext () (at Assets/DungeonRunners/Networking/UnityGameServer.cs:136)
UnityEngine.SetupCoroutine:InvokeMoveNext (System.Collections.IEnumerator,intptr)

[MANIP-EQUIP] ✓ Random Boots: plateboots2pal.plateboots2-7 (Native: Armor)
UnityEngine.Debug:LogError (object)
DungeonRunners.Data.GCObjectFactory:PopulateManipulatorsWithEquipment (DungeonRunners.Data.GCObject) (at Assets/DungeonRunners/Data/GCObjectFactory.cs:215)
DungeonRunners.Data.GCObjectFactory:LoadAvatar () (at Assets/DungeonRunners/Data/GCObjectFactory.cs:150)
DungeonRunners.Networking.UnityGameServer:SendCharacterList (DungeonRunners.Networking.RRConnection) (at Assets/DungeonRunners/Networking/UnityGameServer.cs:673)
DungeonRunners.Networking.UnityGameServer:HandleCharacterChannel (DungeonRunners.Networking.RRConnection,byte,byte[]) (at Assets/DungeonRunners/Networking/UnityGameServer.cs:461)
DungeonRunners.Networking.UnityGameServer:HandleChannelMessage (DungeonRunners.Networking.RRConnection,byte,byte,byte[]) (at Assets/DungeonRunners/Networking/UnityGameServer.cs:317)
DungeonRunners.Networking.UnityGameServer:HandleCompressedE (DungeonRunners.Networking.RRConnection,byte[]) (at Assets/DungeonRunners/Networking/UnityGameServer.cs:269)
DungeonRunners.Networking.UnityGameServer:ProcessMessage (DungeonRunners.Networking.RRConnection,byte[]) (at Assets/DungeonRunners/Networking/UnityGameServer.cs:173)
DungeonRunners.Networking.UnityGameServer/<HandleClientCoroutine>d__19:MoveNext () (at Assets/DungeonRunners/Networking/UnityGameServer.cs:136)
UnityEngine.SetupCoroutine:InvokeMoveNext (System.Collections.IEnumerator,intptr)

[MANIP-EQUIP] ✓ Random Weapon: 1hsword3pal.1hsword3-9 (Native: MeleeWeapon)
UnityEngine.Debug:LogError (object)
DungeonRunners.Data.GCObjectFactory:PopulateManipulatorsWithEquipment (DungeonRunners.Data.GCObject) (at Assets/DungeonRunners/Data/GCObjectFactory.cs:229)
DungeonRunners.Data.GCObjectFactory:LoadAvatar () (at Assets/DungeonRunners/Data/GCObjectFactory.cs:150)
DungeonRunners.Networking.UnityGameServer:SendCharacterList (DungeonRunners.Networking.RRConnection) (at Assets/DungeonRunners/Networking/UnityGameServer.cs:673)
DungeonRunners.Networking.UnityGameServer:HandleCharacterChannel (DungeonRunners.Networking.RRConnection,byte,byte[]) (at Assets/DungeonRunners/Networking/UnityGameServer.cs:461)
DungeonRunners.Networking.UnityGameServer:HandleChannelMessage (DungeonRunners.Networking.RRConnection,byte,byte,byte[]) (at Assets/DungeonRunners/Networking/UnityGameServer.cs:317)
DungeonRunners.Networking.UnityGameServer:HandleCompressedE (DungeonRunners.Networking.RRConnection,byte[]) (at Assets/DungeonRunners/Networking/UnityGameServer.cs:269)
DungeonRunners.Networking.UnityGameServer:ProcessMessage (DungeonRunners.Networking.RRConnection,byte[]) (at Assets/DungeonRunners/Networking/UnityGameServer.cs:173)
DungeonRunners.Networking.UnityGameServer/<HandleClientCoroutine>d__19:MoveNext () (at Assets/DungeonRunners/Networking/UnityGameServer.cs:136)
UnityEngine.SetupCoroutine:InvokeMoveNext (System.Collections.IEnumerator,intptr)

[MANIP-EQUIP] ═══════════════════════════════════════════════════════════
UnityEngine.Debug:LogError (object)
DungeonRunners.Data.GCObjectFactory:PopulateManipulatorsWithEquipment (DungeonRunners.Data.GCObject) (at Assets/DungeonRunners/Data/GCObjectFactory.cs:237)
DungeonRunners.Data.GCObjectFactory:LoadAvatar () (at Assets/DungeonRunners/Data/GCObjectFactory.cs:150)
DungeonRunners.Networking.UnityGameServer:SendCharacterList (DungeonRunners.Networking.RRConnection) (at Assets/DungeonRunners/Networking/UnityGameServer.cs:673)
DungeonRunners.Networking.UnityGameServer:HandleCharacterChannel (DungeonRunners.Networking.RRConnection,byte,byte[]) (at Assets/DungeonRunners/Networking/UnityGameServer.cs:461)
DungeonRunners.Networking.UnityGameServer:HandleChannelMessage (DungeonRunners.Networking.RRConnection,byte,byte,byte[]) (at Assets/DungeonRunners/Networking/UnityGameServer.cs:317)
DungeonRunners.Networking.UnityGameServer:HandleCompressedE (DungeonRunners.Networking.RRConnection,byte[]) (at Assets/DungeonRunners/Networking/UnityGameServer.cs:269)
DungeonRunners.Networking.UnityGameServer:ProcessMessage (DungeonRunners.Networking.RRConnection,byte[]) (at Assets/DungeonRunners/Networking/UnityGameServer.cs:173)
DungeonRunners.Networking.UnityGameServer/<HandleClientCoroutine>d__19:MoveNext () (at Assets/DungeonRunners/Networking/UnityGameServer.cs:136)
UnityEngine.SetupCoroutine:InvokeMoveNext (System.Collections.IEnumerator,intptr)

[MANIP-EQUIP] ✅ Equipment selection complete: 5/5 items added
UnityEngine.Debug:LogError (object)
DungeonRunners.Data.GCObjectFactory:PopulateManipulatorsWithEquipment (DungeonRunners.Data.GCObject) (at Assets/DungeonRunners/Data/GCObjectFactory.cs:238)
DungeonRunners.Data.GCObjectFactory:LoadAvatar () (at Assets/DungeonRunners/Data/GCObjectFactory.cs:150)
DungeonRunners.Networking.UnityGameServer:SendCharacterList (DungeonRunners.Networking.RRConnection) (at Assets/DungeonRunners/Networking/UnityGameServer.cs:673)
DungeonRunners.Networking.UnityGameServer:HandleCharacterChannel (DungeonRunners.Networking.RRConnection,byte,byte[]) (at Assets/DungeonRunners/Networking/UnityGameServer.cs:461)
DungeonRunners.Networking.UnityGameServer:HandleChannelMessage (DungeonRunners.Networking.RRConnection,byte,byte,byte[]) (at Assets/DungeonRunners/Networking/UnityGameServer.cs:317)
DungeonRunners.Networking.UnityGameServer:HandleCompressedE (DungeonRunners.Networking.RRConnection,byte[]) (at Assets/DungeonRunners/Networking/UnityGameServer.cs:269)
DungeonRunners.Networking.UnityGameServer:ProcessMessage (DungeonRunners.Networking.RRConnection,byte[]) (at Assets/DungeonRunners/Networking/UnityGameServer.cs:173)
DungeonRunners.Networking.UnityGameServer/<HandleClientCoroutine>d__19:MoveNext () (at Assets/DungeonRunners/Networking/UnityGameServer.cs:136)
UnityEngine.SetupCoroutine:InvokeMoveNext (System.Collections.IEnumerator,intptr)

[MANIP-EQUIP] ═══════════════════════════════════════════════════════════
UnityEngine.Debug:LogError (object)
DungeonRunners.Data.GCObjectFactory:PopulateManipulatorsWithEquipment (DungeonRunners.Data.GCObject) (at Assets/DungeonRunners/Data/GCObjectFactory.cs:239)
DungeonRunners.Data.GCObjectFactory:LoadAvatar () (at Assets/DungeonRunners/Data/GCObjectFactory.cs:150)
DungeonRunners.Networking.UnityGameServer:SendCharacterList (DungeonRunners.Networking.RRConnection) (at Assets/DungeonRunners/Networking/UnityGameServer.cs:673)
DungeonRunners.Networking.UnityGameServer:HandleCharacterChannel (DungeonRunners.Networking.RRConnection,byte,byte[]) (at Assets/DungeonRunners/Networking/UnityGameServer.cs:461)
DungeonRunners.Networking.UnityGameServer:HandleChannelMessage (DungeonRunners.Networking.RRConnection,byte,byte,byte[]) (at Assets/DungeonRunners/Networking/UnityGameServer.cs:317)
DungeonRunners.Networking.UnityGameServer:HandleCompressedE (DungeonRunners.Networking.RRConnection,byte[]) (at Assets/DungeonRunners/Networking/UnityGameServer.cs:269)
DungeonRunners.Networking.UnityGameServer:ProcessMessage (DungeonRunners.Networking.RRConnection,byte[]) (at Assets/DungeonRunners/Networking/UnityGameServer.cs:173)
DungeonRunners.Networking.UnityGameServer/<HandleClientCoroutine>d__19:MoveNext () (at Assets/DungeonRunners/Networking/UnityGameServer.cs:136)
UnityEngine.SetupCoroutine:InvokeMoveNext (System.Collections.IEnumerator,intptr)

